<?xml version="1.0" encoding="UTF-8"?>
<!-- Generated by org.testng.reporters.JUnitXMLReporter -->
<testsuite ignored="0" hostname="DESKTOP-T4JK67Q" failures="0" tests="6" name="Default test" time="135.803" errors="0" timestamp="2022-11-08T17:46:32 IST">
  <testcase classname="com.dfm.testcases.HomeAdmin_01" name="loginAction" time="0.605"/>
  <testcase classname="com.dfm.testcases.HomeAdmin_01" name="createCustomer" time="3.045"/>
  <testcase classname="com.dfm.testcases.HomeAdmin_01" name="searchUserDetails" time="9.665"/>
  <testcase classname="com.dfm.testcases.HomeAdmin_01" name="addUserDetails" time="22.048"/>
  <testcase classname="com.dfm.testcases.HomeAdmin_01" name="checkNewUserLoginAndLogout" time="69.374"/>
  <testcase classname="com.dfm.testcases.HomeAdmin_01" name="addProject" time="17.05"/>
</testsuite> <!-- Default test -->
